2024-06-04 10:02:38.269765 - rocketbot - INFO - request: S-BackAlemana : line 1 - rpasystem : setVar  id: a2a70dce-3d99-b860-b603-2fb5efeeec59 -  - datetime.now().strftime('%Y_%m_%d_%H_%M_%S')
2024-06-04 10:02:38.369720 - rocketbot - INFO - request: S-BackAlemana : line 2 - rpasystem : setVar  id: e8be8837-0c1c-a0ae-db7c-810fbe5ecd07 -  - "{log}" + "{clinica}" + "_" + "{usercli}" + "_" + "{fecha_log}" + ".log"
2024-06-04 10:02:38.513678 - Rocketbot - ERROR - EXCEPTION IN (<string> Rocketbot, L_60 ""): PermissionError: [Errno 13] Permiso denegado: '/home/ubuntu/rocketbot/debugger/Linux64bit/debugger/debugger'
2024-06-04 10:02:38.524989 - rocketbot - INFO - request: S-BackAlemana : line 3 - rpascripts : module  id: c0a88c0a-d1ca-e184-d9ed-d0a1f1460d11 -  - {"module_name":"sendToLogs","module":"sendText","path":"{rutaLog}","infoType":"info","text":"Inicio el proceso"}
2024-06-04 10:02:38.662479 - rocketbot - INFO - request: S-BackAlemana : line 1 - rpasystem : setVar  id: a2a70dce-3d99-b860-b603-2fb5efeeec59 -  - datetime.now().strftime('%Y_%m_%d_%H_%M_%S')
2024-06-04 10:02:38.725806 - rocketbot - INFO - request: S-BackAlemana : line 4 - rpascripts : module  id: 7fa5aa89-01a7-40cd-b6e7-a66e75ef1df9 -  - {"module_name":"webpro","module":"open_browser","browser":"chrome","url_":"{alemana}","download_path":"{ruta_insumo_alemana}"}
2024-06-04 10:02:47.089859 - rocketbot - INFO - request: S-BackAlemana : line 2 - rpasystem : setVar  id: e8be8837-0c1c-a0ae-db7c-810fbe5ecd07 -  - "{log}" + "{clinica}" + "_" + "{usercli}" + "_" + "{fecha_log}" + ".log"
2024-06-04 10:02:47.104899 - rocketbot - INFO - request: S-BackAlemana : line 5 - rpaweb : waitforobject  id: b2ff24ed-96cd-12d4-571c-db397c6e0aa1 - xpath - {"object":"//*[@id=\"root\"]/div/div[2]/div[1]/div/div/div[2]/div/div[1]/h1","wait_time":"30","wait_for":"visible","before":"","after":""}
2024-06-04 10:02:47.379231 - rocketbot - INFO - request: S-BackAlemana : line 3 - rpascripts : module  id: c0a88c0a-d1ca-e184-d9ed-d0a1f1460d11 -  - {"module_name":"sendToLogs","module":"sendText","path":"{rutaLog}","infoType":"info","text":"Inicio el proceso"}
2024-06-04 10:02:47.556935 - rocketbot - INFO - request: S-BackAlemana : line 6 - rpalogic : evaluateIf  id: ef29e2ca-f904-4bdd-15f9-d7798b65516d -  - {abrio} == False
2024-06-04 10:02:47.812653 - rocketbot - INFO - request: S-BackAlemana : line 4 - rpascripts : module  id: 7fa5aa89-01a7-40cd-b6e7-a66e75ef1df9 -  - {"module_name":"webpro","module":"open_browser","browser":"chrome","url_":"{alemana}","download_path":"{ruta_insumo_alemana}"}
2024-06-04 10:02:56.269716 - rocketbot - INFO - request: S-BackAlemana : line 7 - rpascripts : module  id: 6e9ee49b-0d01-527a-7a74-7b6c7ab2f962 -  - {"module_name":"webpro","module":"CleanInputs","texto":"{usercli}","search_data":"//*[@id=\"root\"]/div/div[2]/div[1]/div/div/div[2]/div/div[2]/form/div[1]/div[1]/input","tipo":"xpath"}
2024-06-04 10:02:56.646379 - rocketbot - INFO - request: S-BackAlemana : line 5 - rpaweb : waitforobject  id: b2ff24ed-96cd-12d4-571c-db397c6e0aa1 - xpath - {"object":"//*[@id=\"root\"]/div/div[2]/div[1]/div/div/div[2]/div/div[1]/h1","wait_time":"30","wait_for":"visible","before":"","after":""}
2024-06-04 10:02:56.838253 - rocketbot - INFO - request: S-BackAlemana : line 8 - rpascripts : module  id: a99ab26b-a402-3ad4-bd0e-3c89898cd4c1 -  - {"module_name":"webpro","module":"CleanInputs","texto":"{passcli}","search_data":"//*[@id=\"root\"]/div/div[2]/div[1]/div/div/div[2]/div/div[2]/form/div[2]/div[1]/input","tipo":"xpath"}
2024-06-04 10:02:57.285874 - rocketbot - INFO - request: S-BackAlemana : line 6 - rpalogic : evaluateIf  id: ef29e2ca-f904-4bdd-15f9-d7798b65516d -  - {abrio} == False
2024-06-04 10:02:57.379420 - rocketbot - INFO - request: S-BackAlemana : line 7 - rpascripts : module  id: 6e9ee49b-0d01-527a-7a74-7b6c7ab2f962 -  - {"module_name":"webpro","module":"CleanInputs","texto":"{usercli}","search_data":"//*[@id=\"root\"]/div/div[2]/div[1]/div/div/div[2]/div/div[2]/form/div[1]/div[1]/input","tipo":"xpath"}
2024-06-04 10:02:57.887784 - rocketbot - INFO - request: S-BackAlemana : line 9 - rpaweb : click_web  id: 0e30f408-13db-1159-df56-69bc0b319a65 -  - {"data":"//*[@id=\"btn_rut_login\"]","data_type":"xpath"}
2024-06-04 10:02:58.342287 - rocketbot - INFO - request: S-BackAlemana : line 8 - rpascripts : module  id: a99ab26b-a402-3ad4-bd0e-3c89898cd4c1 -  - {"module_name":"webpro","module":"CleanInputs","texto":"{passcli}","search_data":"//*[@id=\"root\"]/div/div[2]/div[1]/div/div/div[2]/div/div[2]/form/div[2]/div[1]/input","tipo":"xpath"}
2024-06-04 10:02:58.818264 - rocketbot - INFO - request: S-BackAlemana : line 10 - rpaweb : waitforobject  id: 37744510-dc2f-28aa-3672-0d1bed0f021e - xpath - {"object":"//*[@id=\"react-joyride-step-0\"]/div","wait_time":"10","wait_for":"visible","before":"","after":""}
2024-06-04 10:03:09.010195 - rocketbot - INFO - request: S-BackAlemana : line 9 - rpaweb : click_web  id: 0e30f408-13db-1159-df56-69bc0b319a65 -  - {"data":"//*[@id=\"btn_rut_login\"]","data_type":"xpath"}
