2024-05-13 17:16:08.873148 - getBotOnBot - ERROR - EXCEPTION IN (<string> getBotOnBot, L_178 ""): TypeError: list indices must be integers or slices, not str
2024-05-13 17:16:08.873468 - getBotOnBot - ERROR - EXCEPTION IN (<string> getBotOnBot, L_212 ""): UnboundLocalError: local variable 'lists' referenced before assignment
2024-05-13 17:19:59.929737 - getBotOnBot - ERROR - EXCEPTION IN (<string> getBotOnBot, L_178 ""): TypeError: list indices must be integers or slices, not str
2024-05-13 17:19:59.930079 - getBotOnBot - ERROR - EXCEPTION IN (<string> getBotOnBot, L_212 ""): UnboundLocalError: local variable 'lists' referenced before assignment
2024-05-13 17:20:06.369094 - getbot - ERROR - EXCEPTION IN (<string> getbot, L_991 ""): IndexError: list index out of range
2024-05-13 17:32:40.271024 - getBotOnBot - ERROR - EXCEPTION IN (<string> getBotOnBot, L_178 ""): TypeError: list indices must be integers or slices, not str
2024-05-13 17:32:40.271455 - getBotOnBot - ERROR - EXCEPTION IN (<string> getBotOnBot, L_212 ""): UnboundLocalError: local variable 'lists' referenced before assignment
2024-05-13 17:33:44.237319 - getBotOnBot - ERROR - EXCEPTION IN (<string> getBotOnBot, L_178 ""): TypeError: list indices must be integers or slices, not str
2024-05-13 17:33:44.237567 - getBotOnBot - ERROR - EXCEPTION IN (<string> getBotOnBot, L_212 ""): UnboundLocalError: local variable 'lists' referenced before assignment
2024-05-13 17:34:20.120532 - getBotOnBot - ERROR - EXCEPTION IN (<string> getBotOnBot, L_178 ""): TypeError: list indices must be integers or slices, not str
2024-05-13 17:34:20.121279 - getBotOnBot - ERROR - EXCEPTION IN (<string> getBotOnBot, L_212 ""): UnboundLocalError: local variable 'lists' referenced before assignment
2024-05-13 17:34:26.158553 - getBotOnBot - ERROR - EXCEPTION IN (<string> getBotOnBot, L_178 ""): TypeError: list indices must be integers or slices, not str
2024-05-13 17:34:26.158906 - getBotOnBot - ERROR - EXCEPTION IN (<string> getBotOnBot, L_212 ""): UnboundLocalError: local variable 'lists' referenced before assignment
2024-05-13 17:34:43.464091 - getBotOnBot - ERROR - EXCEPTION IN (<string> getBotOnBot, L_178 ""): TypeError: list indices must be integers or slices, not str
2024-05-13 17:34:43.465762 - getBotOnBot - ERROR - EXCEPTION IN (<string> getBotOnBot, L_212 ""): UnboundLocalError: local variable 'lists' referenced before assignment
2024-05-13 17:35:23.137823 - getBotOnBot - ERROR - EXCEPTION IN (<string> getBotOnBot, L_178 ""): TypeError: list indices must be integers or slices, not str
2024-05-13 17:35:23.138089 - getBotOnBot - ERROR - EXCEPTION IN (<string> getBotOnBot, L_212 ""): UnboundLocalError: local variable 'lists' referenced before assignment
2024-05-13 17:37:11.660844 - getBotOnBot - ERROR - EXCEPTION IN (<string> getBotOnBot, L_178 ""): TypeError: list indices must be integers or slices, not str
2024-05-13 17:37:11.661426 - getBotOnBot - ERROR - EXCEPTION IN (<string> getBotOnBot, L_212 ""): UnboundLocalError: local variable 'lists' referenced before assignment
2024-05-13 17:37:53.597331 - getBotOnBot - ERROR - EXCEPTION IN (<string> getBotOnBot, L_178 ""): TypeError: list indices must be integers or slices, not str
2024-05-13 17:37:53.597629 - getBotOnBot - ERROR - EXCEPTION IN (<string> getBotOnBot, L_212 ""): UnboundLocalError: local variable 'lists' referenced before assignment
2024-05-13 17:43:27.815987 - rocketbot - INFO - request: S-BackAlemana : line 4 - rpascripts : module  id: 7fa5aa89-01a7-40cd-b6e7-a66e75ef1df9 -  - {"module_name":"webpro","module":"open_browser","browser":"chrome","url_":"{alemana]","download_path":"{ruta_insumo}"}
2024-05-13 17:43:30.498612 - Rocketbot - ERROR - EXCEPTION IN (<string> Rocketbot, L_1252 ""): InvalidArgumentException: Message: invalid argument\n  (Session info: chrome=124.0.6367.201)\nStacktrace:\n#0 0x5c4e8901cce3 <unknown>\n#1 0x5c4e88d0b2f7 <unknown>\n#2 0x5c4e88cf26b1 <unknown>\n#3 0x5c4e88cf1061 <unknown>\n#4 0x5c4e88cf153a <unknown>\n#5 0x5c4e88d0de2f <unknown>\n#6 0x5c4e88d977a5 <unknown>\n#7 0x5c4e88d78412 <unknown>\n#8 0x5c4e88d96be9 <unknown>\n#9 0x5c4e88d781b3 <unknown>\n#10 0x5c4e88d4924a <unknown>\n#11 0x5c4e88d49c1e <unknown>\n#12 0x5c4e88fe100b <unknown>\n#13 0x5c4e88fe4f5b <unknown>\n#14 0x5c4e88fcd121 <unknown>\n#15 0x5c4e88fe5ac2 <unknown>\n#16 0x5c4e88fb1fdf <unknown>\n#17 0x5c4e8900be38 <unknown>\n#18 0x5c4e8900c010 <unknown>\n#19 0x5c4e8901be34 <unknown>\n#20 0x7eaa2e494ac3 <unknown>\n
2024-05-13 17:43:30.499698 - script - ERROR - EXCEPTION IN (<string> script, L_128 ""): InvalidArgumentException: Message: invalid argument\n  (Session info: chrome=124.0.6367.201)\nStacktrace:\n#0 0x5c4e8901cce3 <unknown>\n#1 0x5c4e88d0b2f7 <unknown>\n#2 0x5c4e88cf26b1 <unknown>\n#3 0x5c4e88cf1061 <unknown>\n#4 0x5c4e88cf153a <unknown>\n#5 0x5c4e88d0de2f <unknown>\n#6 0x5c4e88d977a5 <unknown>\n#7 0x5c4e88d78412 <unknown>\n#8 0x5c4e88d96be9 <unknown>\n#9 0x5c4e88d781b3 <unknown>\n#10 0x5c4e88d4924a <unknown>\n#11 0x5c4e88d49c1e <unknown>\n#12 0x5c4e88fe100b <unknown>\n#13 0x5c4e88fe4f5b <unknown>\n#14 0x5c4e88fcd121 <unknown>\n#15 0x5c4e88fe5ac2 <unknown>\n#16 0x5c4e88fb1fdf <unknown>\n#17 0x5c4e8900be38 <unknown>\n#18 0x5c4e8900c010 <unknown>\n#19 0x5c4e8901be34 <unknown>\n#20 0x7eaa2e494ac3 <unknown>\n
2024-05-13 17:44:12.657651 - rocketbot - INFO - request: S-BackAlemana : line 4 - rpascripts : module  id: 7fa5aa89-01a7-40cd-b6e7-a66e75ef1df9 -  - {"module_name":"webpro","module":"open_browser","browser":"chrome","url_":"{alemana]","download_path":"{ruta_insumo}"}
2024-05-13 17:44:15.555141 - Rocketbot - ERROR - EXCEPTION IN (<string> Rocketbot, L_1252 ""): InvalidArgumentException: Message: invalid argument\n  (Session info: chrome=124.0.6367.201)\nStacktrace:\n#0 0x55c311c05ce3 <unknown>\n#1 0x55c3118f42f7 <unknown>\n#2 0x55c3118db6b1 <unknown>\n#3 0x55c3118da061 <unknown>\n#4 0x55c3118da53a <unknown>\n#5 0x55c3118f6e2f <unknown>\n#6 0x55c3119807a5 <unknown>\n#7 0x55c311961412 <unknown>\n#8 0x55c31197fbe9 <unknown>\n#9 0x55c3119611b3 <unknown>\n#10 0x55c31193224a <unknown>\n#11 0x55c311932c1e <unknown>\n#12 0x55c311bca00b <unknown>\n#13 0x55c311bcdf5b <unknown>\n#14 0x55c311bb6121 <unknown>\n#15 0x55c311bceac2 <unknown>\n#16 0x55c311b9afdf <unknown>\n#17 0x55c311bf4e38 <unknown>\n#18 0x55c311bf5010 <unknown>\n#19 0x55c311c04e34 <unknown>\n#20 0x7ad2c3694ac3 <unknown>\n
2024-05-13 17:44:15.555820 - script - ERROR - EXCEPTION IN (<string> script, L_128 ""): InvalidArgumentException: Message: invalid argument\n  (Session info: chrome=124.0.6367.201)\nStacktrace:\n#0 0x55c311c05ce3 <unknown>\n#1 0x55c3118f42f7 <unknown>\n#2 0x55c3118db6b1 <unknown>\n#3 0x55c3118da061 <unknown>\n#4 0x55c3118da53a <unknown>\n#5 0x55c3118f6e2f <unknown>\n#6 0x55c3119807a5 <unknown>\n#7 0x55c311961412 <unknown>\n#8 0x55c31197fbe9 <unknown>\n#9 0x55c3119611b3 <unknown>\n#10 0x55c31193224a <unknown>\n#11 0x55c311932c1e <unknown>\n#12 0x55c311bca00b <unknown>\n#13 0x55c311bcdf5b <unknown>\n#14 0x55c311bb6121 <unknown>\n#15 0x55c311bceac2 <unknown>\n#16 0x55c311b9afdf <unknown>\n#17 0x55c311bf4e38 <unknown>\n#18 0x55c311bf5010 <unknown>\n#19 0x55c311c04e34 <unknown>\n#20 0x7ad2c3694ac3 <unknown>\n
2024-05-13 17:44:37.918263 - rocketbot - INFO - request: S-BackAlemana : line 4 - rpascripts : module  id: 7fa5aa89-01a7-40cd-b6e7-a66e75ef1df9 -  - {"module_name":"webpro","module":"open_browser","browser":"chrome","url_":"{alemana}","download_path":"{ruta_insumo}"}
